Traceback (most recent call last):
  File "/opt/ros/melodic/share/gencpp/cmake/../../../lib/gencpp/gen_cpp.py", line 43, in <module>
    import genmsg.template_tools
  File "/opt/ros/melodic/lib/python2.7/dist-packages/genmsg/template_tools.py", line 39, in <module>
    import em
ModuleNotFoundError: No module named 'em'
make[2]: *** [/home/puzzlebot/ws/devel/.private/puzzlebot_controller/include/puzzlebot_controller/MoveAction.h] Error 1
make[2]: *** Waiting for unfinished jobs....
Traceback (most recent call last):
  File "/opt/ros/melodic/share/gencpp/cmake/../../../lib/gencpp/gen_cpp.py", line 43, in <module>
    import genmsg.template_tools
  File "/opt/ros/melodic/lib/python2.7/dist-packages/genmsg/template_tools.py", line 39, in <module>
    import em
ModuleNotFoundError: No module named 'em'
make[2]: *** [/home/puzzlebot/ws/devel/.private/puzzlebot_controller/include/puzzlebot_controller/MoveActionGoal.h] Error 1
make[1]: *** [CMakeFiles/puzzlebot_controller_generate_messages_cpp.dir/all] Error 2
make[1]: *** Waiting for unfinished jobs....
make: *** [all] Error 2
